{
  "/Users/d.castillo.marfull/projects/vue-tasks-app/src/components/BaseButton.vue": {
    "path": "/Users/d.castillo.marfull/projects/vue-tasks-app/src/components/BaseButton.vue",
    "all": false,
    "statementMap": {
      "0": {
        "start": { "line": 1, "column": 0 },
        "end": { "line": 1, "column": 10 }
      },
      "1": {
        "start": { "line": 2, "column": 0 },
        "end": { "line": 2, "column": 49 }
      },
      "2": {
        "start": { "line": 3, "column": 0 },
        "end": { "line": 3, "column": 49 }
      },
      "3": {
        "start": { "line": 4, "column": 0 },
        "end": { "line": 4, "column": 20 }
      },
      "4": {
        "start": { "line": 5, "column": 0 },
        "end": { "line": 5, "column": 11 }
      },
      "5": {
        "start": { "line": 6, "column": 0 },
        "end": { "line": 6, "column": 0 }
      },
      "6": {
        "start": { "line": 7, "column": 0 },
        "end": { "line": 7, "column": 8 }
      },
      "7": {
        "start": { "line": 8, "column": 0 },
        "end": { "line": 8, "column": 16 }
      },
      "8": {
        "start": { "line": 9, "column": 0 },
        "end": { "line": 9, "column": 21 }
      },
      "9": {
        "start": { "line": 10, "column": 0 },
        "end": { "line": 10, "column": 0 }
      },
      "10": {
        "start": { "line": 11, "column": 0 },
        "end": { "line": 11, "column": 10 }
      },
      "11": {
        "start": { "line": 12, "column": 0 },
        "end": { "line": 12, "column": 12 }
      },
      "12": {
        "start": { "line": 13, "column": 0 },
        "end": { "line": 13, "column": 15 }
      },
      "13": {
        "start": { "line": 14, "column": 0 },
        "end": { "line": 14, "column": 5 }
      },
      "14": {
        "start": { "line": 15, "column": 0 },
        "end": { "line": 15, "column": 4 }
      },
      "15": {
        "start": { "line": 16, "column": 0 },
        "end": { "line": 16, "column": 0 }
      },
      "16": {
        "start": { "line": 17, "column": 0 },
        "end": { "line": 17, "column": 12 }
      },
      "17": {
        "start": { "line": 18, "column": 0 },
        "end": { "line": 18, "column": 18 }
      },
      "18": {
        "start": { "line": 19, "column": 0 },
        "end": { "line": 19, "column": 18 }
      },
      "19": {
        "start": { "line": 20, "column": 0 },
        "end": { "line": 20, "column": 6 }
      },
      "20": {
        "start": { "line": 21, "column": 0 },
        "end": { "line": 21, "column": 18 }
      },
      "21": {
        "start": { "line": 22, "column": 0 },
        "end": { "line": 22, "column": 18 }
      },
      "22": {
        "start": { "line": 23, "column": 0 },
        "end": { "line": 23, "column": 6 }
      },
      "23": {
        "start": { "line": 24, "column": 0 },
        "end": { "line": 24, "column": 4 }
      },
      "24": {
        "start": { "line": 25, "column": 0 },
        "end": { "line": 25, "column": 1 }
      },
      "25": {
        "start": { "line": 26, "column": 0 },
        "end": { "line": 26, "column": 9 }
      },
      "26": {
        "start": { "line": 27, "column": 0 },
        "end": { "line": 27, "column": 0 }
      },
      "27": {
        "start": { "line": 28, "column": 0 },
        "end": { "line": 28, "column": 22 }
      }
    },
    "s": {
      "0": 1,
      "1": 1,
      "2": 1,
      "3": 1,
      "4": 1,
      "5": 1,
      "6": 1,
      "7": 1,
      "8": 1,
      "9": 1,
      "10": 1,
      "11": 3,
      "12": 3,
      "13": 3,
      "14": 1,
      "15": 1,
      "16": 1,
      "17": 1,
      "18": 1,
      "19": 1,
      "20": 1,
      "21": 1,
      "22": 1,
      "23": 1,
      "24": 1,
      "25": 1,
      "26": 1,
      "27": 1
    },
    "branchMap": {
      "0": {
        "type": "branch",
        "line": 11,
        "loc": {
          "start": { "line": 11, "column": 2 },
          "end": { "line": 15, "column": 3 }
        },
        "locations": [
          {
            "start": { "line": 11, "column": 2 },
            "end": { "line": 15, "column": 3 }
          }
        ]
      },
      "1": {
        "type": "branch",
        "line": 18,
        "loc": {
          "start": { "line": 18, "column": 4 },
          "end": { "line": 20, "column": 5 }
        },
        "locations": [
          {
            "start": { "line": 18, "column": 4 },
            "end": { "line": 20, "column": 5 }
          }
        ]
      },
      "2": {
        "type": "branch",
        "line": 21,
        "loc": {
          "start": { "line": 21, "column": 4 },
          "end": { "line": 23, "column": 5 }
        },
        "locations": [
          {
            "start": { "line": 21, "column": 4 },
            "end": { "line": 23, "column": 5 }
          }
        ]
      },
      "3": {
        "type": "branch",
        "line": 2,
        "loc": {
          "start": { "line": 2, "column": 16 },
          "end": { "line": 2, "column": 30 }
        },
        "locations": [
          {
            "start": { "line": 2, "column": 16 },
            "end": { "line": 2, "column": 30 }
          }
        ]
      },
      "4": {
        "type": "branch",
        "line": 3,
        "loc": {
          "start": { "line": 3, "column": 16 },
          "end": { "line": 3, "column": 30 }
        },
        "locations": [
          {
            "start": { "line": 3, "column": 16 },
            "end": { "line": 3, "column": 30 }
          }
        ]
      },
      "5": {
        "type": "branch",
        "line": 2,
        "loc": {
          "start": { "line": 2, "column": 16 },
          "end": { "line": 2, "column": 30 }
        },
        "locations": [
          {
            "start": { "line": 2, "column": 16 },
            "end": { "line": 2, "column": 30 }
          }
        ]
      },
      "6": {
        "type": "branch",
        "line": 3,
        "loc": {
          "start": { "line": 3, "column": 16 },
          "end": { "line": 3, "column": 30 }
        },
        "locations": [
          {
            "start": { "line": 3, "column": 16 },
            "end": { "line": 3, "column": 30 }
          }
        ]
      }
    },
    "b": {
      "0": [3],
      "1": [1],
      "2": [1],
      "3": [3],
      "4": [3],
      "5": [1],
      "6": [1]
    },
    "fnMap": {
      "0": {
        "name": "data",
        "decl": {
          "start": { "line": 11, "column": 2 },
          "end": { "line": 15, "column": 3 }
        },
        "loc": {
          "start": { "line": 11, "column": 2 },
          "end": { "line": 15, "column": 3 }
        },
        "line": 11
      },
      "1": {
        "name": "increments",
        "decl": {
          "start": { "line": 18, "column": 4 },
          "end": { "line": 20, "column": 5 }
        },
        "loc": {
          "start": { "line": 18, "column": 4 },
          "end": { "line": 20, "column": 5 }
        },
        "line": 18
      },
      "2": {
        "name": "decrements",
        "decl": {
          "start": { "line": 21, "column": 4 },
          "end": { "line": 23, "column": 5 }
        },
        "loc": {
          "start": { "line": 21, "column": 4 },
          "end": { "line": 23, "column": 5 }
        },
        "line": 21
      },
      "3": {
        "name": "__vite_ssr_import_0__.createElementBlock.__vite_ssr_import_0__.createElementVNode.onClick._cache.<computed>._cache.<computed>",
        "decl": {
          "start": { "line": 2, "column": 16 },
          "end": { "line": 2, "column": 30 }
        },
        "loc": {
          "start": { "line": 2, "column": 16 },
          "end": { "line": 2, "column": 30 }
        },
        "line": 2
      },
      "4": {
        "name": "__vite_ssr_import_0__.createElementBlock.__vite_ssr_import_0__.createElementVNode.onClick._cache.<computed>._cache.<computed>",
        "decl": {
          "start": { "line": 3, "column": 16 },
          "end": { "line": 3, "column": 30 }
        },
        "loc": {
          "start": { "line": 3, "column": 16 },
          "end": { "line": 3, "column": 30 }
        },
        "line": 3
      }
    },
    "f": { "0": 3, "1": 1, "2": 1, "3": 1, "4": 1 }
  }
}
